<?xml version="1.0" encoding="UTF-8"?>
<testng-results skipped="0" failed="0" ignored="1" total="2" passed="1">
  <reporter-output>
    <line>
      <![CDATA[<a href='D:\Eclipse-Neon\Workspace\com.test.LinkedIn\src\main\java\test_screenshot\moontest007@gmail.com_17_05_2017_06_38_42.png'> <img src='D:\Eclipse-Neon\Workspace\com.test.LinkedIn\src\main\java\test_screenshot\moontest007@gmail.com_17_05_2017_06_38_42.png' height='100' width='100'/> </a>]]>
    </line>
  </reporter-output>
  <suite name="Suite" duration-ms="9205" started-at="2017-05-17T22:38:33Z" finished-at="2017-05-17T22:38:43Z">
    <groups>
    </groups>
    <test name="Test" duration-ms="9205" started-at="2017-05-17T22:38:33Z" finished-at="2017-05-17T22:38:43Z">
      <class name="tests.com.test.LinkedIn.Test_LoginPage">
        <test-method status="PASS" signature="setUp(java.lang.String, java.lang.String)[pri:0, instance:tests.com.test.LinkedIn.Test_LoginPage@5bcab519]" name="setUp" is-config="true" duration-ms="8154" started-at="2017-05-17T18:38:25Z" finished-at="2017-05-17T18:38:33Z">
          <params>
            <param index="0">
              <value>
                <![CDATA[Firefox]]>
              </value>
            </param>
            <param index="1">
              <value>
                <![CDATA[https://www.linkedin.com]]>
              </value>
            </param>
          </params>
          <reporter-output>
          </reporter-output>
        </test-method> <!-- setUp -->
        <test-method status="PASS" signature="LoginwithValidCredentials(java.lang.String, java.lang.String)[pri:0, instance:tests.com.test.LinkedIn.Test_LoginPage@5bcab519]" name="LoginwithValidCredentials" duration-ms="9179" started-at="2017-05-17T18:38:33Z" finished-at="2017-05-17T18:38:43Z">
          <params>
            <param index="0">
              <value>
                <![CDATA[moontest007@gmail.com]]>
              </value>
            </param>
            <param index="1">
              <value>
                <![CDATA[01Mujtar02]]>
              </value>
            </param>
          </params>
          <reporter-output>
            <line>
              <![CDATA[<a href='D:\Eclipse-Neon\Workspace\com.test.LinkedIn\src\main\java\test_screenshot\moontest007@gmail.com_17_05_2017_06_38_42.png'> <img src='D:\Eclipse-Neon\Workspace\com.test.LinkedIn\src\main\java\test_screenshot\moontest007@gmail.com_17_05_2017_06_38_42.png' height='100' width='100'/> </a>]]>
            </line>
          </reporter-output>
        </test-method> <!-- LoginwithValidCredentials -->
        <test-method status="PASS" signature="tearDown()[pri:0, instance:tests.com.test.LinkedIn.Test_LoginPage@5bcab519]" name="tearDown" is-config="true" duration-ms="655" started-at="2017-05-17T18:38:43Z" finished-at="2017-05-17T18:38:43Z">
          <reporter-output>
          </reporter-output>
        </test-method> <!-- tearDown -->
      </class> <!-- tests.com.test.LinkedIn.Test_LoginPage -->
    </test> <!-- Test -->
  </suite> <!-- Suite -->
</testng-results>
