<?xml version="1.0" encoding="UTF-8"?>
<!-- Generated by org.testng.reporters.JUnitXMLReporter -->
<testsuite hostname="Mujtaba-PC" ignored="1" name="Test" tests="1" failures="0" timestamp="17 May 2017 22:38:43 GMT" time="9.205" errors="0">
  <testcase name="LoginwithValidCredentials" time="9.179" classname="tests.com.test.LinkedIn.Test_LoginPage"/>
  <testcase name="@AfterSuite tearDown" time="0.0" classname="tests.com.test.LinkedIn.HelperPage">
    <ignored/>
  </testcase> <!-- @AfterSuite tearDown -->
</testsuite> <!-- Test -->
